<?xml version="1.0" encoding="UTF-8"?>
<!-- Generated by org.testng.reporters.JUnitReportReporter -->
<testsuite hostname="LAPTOP-AJQ6KBEL" failures="0" tests="1" name="com.catering.test.Cateringtest" time="2.409" errors="0" timestamp="2024-09-25T11:24:11 IST" skipped="0">
  <testcase classname="com.catering.test.Cateringtest" name="getPayments" time="2.409"/>
  <system-out/>
</testsuite> <!-- com.catering.test.Cateringtest -->
