<?xml version="1.0" encoding="UTF-8"?>
<!-- Generated by org.testng.reporters.JUnitReportReporter -->
<testsuite hostname="ImransDell" failures="0" tests="1" name="com.catering.test.Cateringtest" time="2.753" errors="0" timestamp="2024-09-24T18:53:43 IST" skipped="0">
  <testcase classname="com.catering.test.Cateringtest" name="getPayments" time="2.753"/>
  <system-out/>
</testsuite> <!-- com.catering.test.Cateringtest -->
